  4-10text.c
  4-11text.c
  4-12text.c
  4-13text.c
  4-14text.c
  4-15text.c
  4-16text.c
  4-17text.c
  4-18text.c
  4-19text.c
  4-1text.c
  4-20text.c
  4-21text.c
  4-22text.c
  4-23texta.c
  4-23textb.c
  4-24text.c
  4-25text.c
  4-2text.c
  4-3text.c
  正在生成代码...
  正在编译...
  4-4text.c
  4-5text.c
  4-6text.c
  4-7text.c
  4-8text.c
  4-9text.c
  正在生成代码...
  LINK : 没有找到 D:\class\c_code\chap04\x64\Debug\chap04.exe 或上一个增量链接没有生成它；正在执行完全链接
  chap04.vcxproj -> D:\class\c_code\chap04\x64\Debug\chap04.exe
